<?xml version="1.0" encoding="UTF-8"?>
<!-- Generated by org.testng.reporters.JUnitReportReporter -->
<testsuite hostname="Sraan" failures="0" tests="2" name="com.second.AppTest" time="0.013" errors="0" timestamp="2024-10-17T10:57:40 IST" skipped="0">
  <testcase classname="com.second.AppTest" name="testlogin1" time="0.012"/>
  <testcase classname="com.second.AppTest" name="testlogin2" time="0.001"/>
</testsuite> <!-- com.second.AppTest -->
